MIF/HEX Update report for simple-architecture
Fri Apr 18 09:15:38 2014
Quartus II 32-bit Version 13.0.1 Build 232 06/12/2013 Service Pack 1 SJ Full Version


---------------------
; Table of Contents ;
---------------------
  1. Legal Notice
  2. MIF/HEX Update Summary
  3. MIF/HEX Update Processed Files
  4. MIF/HEX Update Messages



----------------
; Legal Notice ;
----------------
Copyright (C) 1991-2013 Altera Corporation
Your use of Altera Corporation's design tools, logic functions 
and other software and tools, and its AMPP partner logic 
functions, and any output files from any of the foregoing 
(including device programming or simulation files), and any 
associated documentation or information are expressly subject 
to the terms and conditions of the Altera Program License 
Subscription Agreement, Altera MegaCore Function License 
Agreement, or other applicable license agreement, including, 
without limitation, that your use is for the sole purpose of 
programming logic devices manufactured by Altera and sold by 
Altera or its authorized distributors.  Please refer to the 
applicable agreement for further details.



+-----------------------------------------------------------+
; MIF/HEX Update Summary                                    ;
+-----------------------+-----------------------------------+
; MIF/HEX Update Status ; Failed - Fri Apr 18 09:15:38 2014 ;
; Revision Name         ; simple-architecture               ;
; Top-level Entity Name ; Controller                        ;
; Family                ; Cyclone                           ;
; Device                ; EP1C6Q240C8                       ;
+-----------------------+-----------------------------------+


+--------------------------------+
; MIF/HEX Update Processed Files ;
+--------------------------------+
; File Name                      ;
+--------------------------------+


+-------------------------+
; MIF/HEX Update Messages ;
+-------------------------+
Info: *******************************************************************
Info: Running Quartus II 32-bit MIF/HEX Update
    Info: Version 13.0.1 Build 232 06/12/2013 Service Pack 1 SJ Full Version
    Info: Processing started: Fri Apr 18 09:15:37 2014
Info: Command: quartus_cdb simple-architecture -c simple-architecture --update_mif
Error (39022): Found no valid Memory Initialization File to process
Error: Quartus II 32-bit MIF/HEX Update was unsuccessful. 1 error, 0 warnings
    Error: Peak virtual memory: 320 megabytes
    Error: Processing ended: Fri Apr 18 09:15:38 2014
    Error: Elapsed time: 00:00:01
    Error: Total CPU time (on all processors): 00:00:01


